# JRE version: OpenJDK Runtime Environment (8.0_202-b03) (build 1.8.0_202-release-1483-b03)
# Java VM: OpenJDK 64-Bit Server VM (25.202-b03 mixed mode windows-amd64 compressed oops)
Heap:
 PSYoungGen      total 451072K, used 411461K [0x00000000e0000000, 0x00000000ffd00000, 0x0000000100000000)
  eden space 382976K, 100% used [0x00000000e0000000,0x00000000f7600000,0x00000000f7600000)
  from space 68096K, 41% used [0x00000000f7600000,0x00000000f91d15e0,0x00000000fb880000)
  to   space 66048K, 39% used [0x00000000fbc80000,0x00000000fd625700,0x00000000ffd00000)
 ParOldGen       total 689664K, used 436454K [0x00000000a0000000, 0x00000000ca180000, 0x00000000e0000000)
  object space 689664K, 63% used [0x00000000a0000000,0x00000000baa39b40,0x00000000ca180000)
 Metaspace       used 159479K, capacity 165676K, committed 165976K, reserved 1193984K
  class space    used 19905K, capacity 21066K, committed 21120K, reserved 1048576K
GC Heap History (10 events):
Event: 535.674 GC heap after
Heap after GC invocations=124 (full 9):
 PSYoungGen      total 445440K, used 29477K [0x00000000e0000000, 0x00000000ffe80000, 0x0000000100000000)
  eden space 370688K, 0% used [0x00000000e0000000,0x00000000e0000000,0x00000000f6a00000)
  from space 74752K, 39% used [0x00000000f6a00000,0x00000000f86c9710,0x00000000fb300000)
  to   space 73216K, 0% used [0x00000000fb700000,0x00000000fb700000,0x00000000ffe80000)
 ParOldGen       total 689664K, used 427446K [0x00000000a0000000, 0x00000000ca180000, 0x00000000e0000000)
  object space 689664K, 61% used [0x00000000a0000000,0x00000000ba16db20,0x00000000ca180000)
 Metaspace       used 159467K, capacity 165612K, committed 165720K, reserved 1193984K
  class space    used 19905K, capacity 21066K, committed 21120K, reserved 1048576K
}
Event: 537.499 GC heap before
{Heap before GC invocations=125 (full 9):
 PSYoungGen      total 445440K, used 400165K [0x00000000e0000000, 0x00000000ffe80000, 0x0000000100000000)
  eden space 370688K, 100% used [0x00000000e0000000,0x00000000f6a00000,0x00000000f6a00000)
  from space 74752K, 39% used [0x00000000f6a00000,0x00000000f86c9710,0x00000000fb300000)
  to   space 73216K, 0% used [0x00000000fb700000,0x00000000fb700000,0x00000000ffe80000)
 ParOldGen       total 689664K, used 427446K [0x00000000a0000000, 0x00000000ca180000, 0x00000000e0000000)
  object space 689664K, 61% used [0x00000000a0000000,0x00000000ba16db20,0x00000000ca180000)
 Metaspace       used 159468K, capacity 165612K, committed 165720K, reserved 1193984K
  class space    used 19905K, capacity 21066K, committed 21120K, reserved 1048576K
Event: 537.541 GC heap after
Heap after GC invocations=125 (full 9):
 PSYoungGen      total 446464K, used 28821K [0x00000000e0000000, 0x00000000ffb80000, 0x0000000100000000)
  eden space 376320K, 0% used [0x00000000e0000000,0x00000000e0000000,0x00000000f6f80000)
  from space 70144K, 41% used [0x00000000fb700000,0x00000000fd325720,0x00000000ffb80000)
  to   space 71680K, 0% used [0x00000000f6f80000,0x00000000f6f80000,0x00000000fb580000)
 ParOldGen       total 689664K, used 429422K [0x00000000a0000000, 0x00000000ca180000, 0x00000000e0000000)
  object space 689664K, 62% used [0x00000000a0000000,0x00000000ba35bb20,0x00000000ca180000)
 Metaspace       used 159468K, capacity 165612K, committed 165720K, reserved 1193984K
  class space    used 19905K, capacity 21066K, committed 21120K, reserved 1048576K
}
Event: 538.647 GC heap before
{Heap before GC invocations=126 (full 9):
 PSYoungGen      total 446464K, used 405141K [0x00000000e0000000, 0x00000000ffb80000, 0x0000000100000000)
  eden space 376320K, 100% used [0x00000000e0000000,0x00000000f6f80000,0x00000000f6f80000)
  from space 70144K, 41% used [0x00000000fb700000,0x00000000fd325720,0x00000000ffb80000)
  to   space 71680K, 0% used [0x00000000f6f80000,0x00000000f6f80000,0x00000000fb580000)
 ParOldGen       total 689664K, used 429422K [0x00000000a0000000, 0x00000000ca180000, 0x00000000e0000000)
  object space 689664K, 62% used [0x00000000a0000000,0x00000000ba35bb20,0x00000000ca180000)
 Metaspace       used 159468K, capacity 165612K, committed 165720K, reserved 1193984K
  class space    used 19905K, capacity 21066K, committed 21120K, reserved 1048576K
Event: 538.691 GC heap after
Heap after GC invocations=126 (full 9):
 PSYoungGen      total 448000K, used 29413K [0x00000000e0000000, 0x00000000ffd80000, 0x0000000100000000)
  eden space 376320K, 0% used [0x00000000e0000000,0x00000000e0000000,0x00000000f6f80000)
  from space 71680K, 41% used [0x00000000f6f80000,0x00000000f8c395e0,0x00000000fb580000)
  to   space 69632K, 0% used [0x00000000fb980000,0x00000000fb980000,0x00000000ffd80000)
 ParOldGen       total 689664K, used 431326K [0x00000000a0000000, 0x00000000ca180000, 0x00000000e0000000)
  object space 689664K, 62% used [0x00000000a0000000,0x00000000ba537b30,0x00000000ca180000)
 Metaspace       used 159468K, capacity 165612K, committed 165720K, reserved 1193984K
  class space    used 19905K, capacity 21066K, committed 21120K, reserved 1048576K
}
Event: 540.076 GC heap before
{Heap before GC invocations=127 (full 9):
 PSYoungGen      total 448000K, used 405733K [0x00000000e0000000, 0x00000000ffd80000, 0x0000000100000000)
  eden space 376320K, 100% used [0x00000000e0000000,0x00000000f6f80000,0x00000000f6f80000)
  from space 71680K, 41% used [0x00000000f6f80000,0x00000000f8c395e0,0x00000000fb580000)
  to   space 69632K, 0% used [0x00000000fb980000,0x00000000fb980000,0x00000000ffd80000)
 ParOldGen       total 689664K, used 431326K [0x00000000a0000000, 0x00000000ca180000, 0x00000000e0000000)
  object space 689664K, 62% used [0x00000000a0000000,0x00000000ba537b30,0x00000000ca180000)
 Metaspace       used 159471K, capacity 165612K, committed 165720K, reserved 1193984K
  class space    used 19905K, capacity 21066K, committed 21120K, reserved 1048576K
Event: 540.116 GC heap after
Heap after GC invocations=127 (full 9):
 PSYoungGen      total 450048K, used 28277K [0x00000000e0000000, 0x00000000ffb00000, 0x0000000100000000)
  eden space 382976K, 0% used [0x00000000e0000000,0x00000000e0000000,0x00000000f7600000)
  from space 67072K, 42% used [0x00000000fb980000,0x00000000fd51d5f0,0x00000000ffb00000)
  to   space 68096K, 0% used [0x00000000f7600000,0x00000000f7600000,0x00000000fb880000)
 ParOldGen       total 689664K, used 433158K [0x00000000a0000000, 0x00000000ca180000, 0x00000000e0000000)
  object space 689664K, 62% used [0x00000000a0000000,0x00000000ba701b40,0x00000000ca180000)
 Metaspace       used 159471K, capacity 165612K, committed 165720K, reserved 1193984K
  class space    used 19905K, capacity 21066K, committed 21120K, reserved 1048576K
}
Event: 541.085 GC heap before
{Heap before GC invocations=128 (full 9):
 PSYoungGen      total 450048K, used 411253K [0x00000000e0000000, 0x00000000ffb00000, 0x0000000100000000)
  eden space 382976K, 100% used [0x00000000e0000000,0x00000000f7600000,0x00000000f7600000)
  from space 67072K, 42% used [0x00000000fb980000,0x00000000fd51d5f0,0x00000000ffb00000)
  to   space 68096K, 0% used [0x00000000f7600000,0x00000000f7600000,0x00000000fb880000)
 ParOldGen       total 689664K, used 433158K [0x00000000a0000000, 0x00000000ca180000, 0x00000000e0000000)
  object space 689664K, 62% used [0x00000000a0000000,0x00000000ba701b40,0x00000000ca180000)
 Metaspace       used 159475K, capacity 165612K, committed 165720K, reserved 1193984K
  class space    used 19905K, capacity 21066K, committed 21120K, reserved 1048576K
Event: 541.125 GC heap after
Heap after GC invocations=128 (full 9):
 PSYoungGen      total 451072K, used 28485K [0x00000000e0000000, 0x00000000ffd00000, 0x0000000100000000)
  eden space 382976K, 0% used [0x00000000e0000000,0x00000000e0000000,0x00000000f7600000)
  from space 68096K, 41% used [0x00000000f7600000,0x00000000f91d15e0,0x00000000fb880000)
  to   space 66048K, 0% used [0x00000000fbc80000,0x00000000fbc80000,0x00000000ffd00000)
 ParOldGen       total 689664K, used 434870K [0x00000000a0000000, 0x00000000ca180000, 0x00000000e0000000)
  object space 689664K, 63% used [0x00000000a0000000,0x00000000ba8adb40,0x00000000ca180000)
 Metaspace       used 159475K, capacity 165612K, committed 165720K, reserved 1193984K
  class space    used 19905K, capacity 21066K, committed 21120K, reserved 1048576K
}
Event: 542.870 GC heap before
{Heap before GC invocations=129 (full 9):
 PSYoungGen      total 451072K, used 411461K [0x00000000e0000000, 0x00000000ffd00000, 0x0000000100000000)
  eden space 382976K, 100% used [0x00000000e0000000,0x00000000f7600000,0x00000000f7600000)
  from space 68096K, 41% used [0x00000000f7600000,0x00000000f91d15e0,0x00000000fb880000)
  to   space 66048K, 0% used [0x00000000fbc80000,0x00000000fbc80000,0x00000000ffd00000)
 ParOldGen       total 689664K, used 434870K [0x00000000a0000000, 0x00000000ca180000, 0x00000000e0000000)
  object space 689664K, 63% used [0x00000000a0000000,0x00000000ba8adb40,0x00000000ca180000)
 Metaspace       used 159479K, capacity 165676K, committed 165976K, reserved 1193984K
  class space    used 19905K, capacity 21066K, committed 21120K, reserved 1048576K

