# JRE version: OpenJDK Runtime Environment (8.0_202-b03) (build 1.8.0_202-release-1483-b03)
# Java VM: OpenJDK 64-Bit Server VM (25.202-b03 mixed mode windows-amd64 compressed oops)
Heap:
 PSYoungGen      total 384512K, used 237241K [0x00000000e0000000, 0x0000000100000000, 0x0000000100000000)
  eden space 323584K, 54% used [0x00000000e0000000,0x00000000eac2fc80,0x00000000f3c00000)
  from space 60928K, 99% used [0x00000000fc100000,0x00000000ffc7e7f0,0x00000000ffc80000)
  to   space 100352K, 0% used [0x00000000f3c00000,0x00000000f3c00000,0x00000000f9e00000)
 ParOldGen       total 337920K, used 212885K [0x00000000a0000000, 0x00000000b4a00000, 0x00000000e0000000)
  object space 337920K, 62% used [0x00000000a0000000,0x00000000acfe5530,0x00000000b4a00000)
 Metaspace       used 111412K, capacity 116928K, committed 117208K, reserved 1150976K
  class space    used 14130K, capacity 15232K, committed 15320K, reserved 1048576K
GC Heap History (10 events):
Event: 6757.662 GC heap before
{Heap before GC invocations=31 (full 5):
 PSYoungGen      total 425984K, used 386712K [0x00000000e0000000, 0x00000000fff00000, 0x0000000100000000)
  eden space 354816K, 100% used [0x00000000e0000000,0x00000000f5a80000,0x00000000f5a80000)
  from space 71168K, 44% used [0x00000000f5a80000,0x00000000f79a6278,0x00000000fa000000)
  to   space 68608K, 0% used [0x00000000fbc00000,0x00000000fbc00000,0x00000000fff00000)
 ParOldGen       total 337920K, used 97917K [0x00000000a0000000, 0x00000000b4a00000, 0x00000000e0000000)
  object space 337920K, 28% used [0x00000000a0000000,0x00000000a5f9f438,0x00000000b4a00000)
 Metaspace       used 110499K, capacity 115914K, committed 116056K, reserved 1150976K
  class space    used 14044K, capacity 15121K, committed 15192K, reserved 1048576K
Event: 6759.535 GC heap after
Heap after GC invocations=31 (full 5):
 PSYoungGen      total 444416K, used 24953K [0x00000000e0000000, 0x00000000ff680000, 0x0000000100000000)
  eden space 384512K, 0% used [0x00000000e0000000,0x00000000e0000000,0x00000000f7780000)
  from space 59904K, 41% used [0x00000000fbc00000,0x00000000fd45e568,0x00000000ff680000)
  to   space 65024K, 0% used [0x00000000f7780000,0x00000000f7780000,0x00000000fb700000)
 ParOldGen       total 337920K, used 106799K [0x00000000a0000000, 0x00000000b4a00000, 0x00000000e0000000)
  object space 337920K, 31% used [0x00000000a0000000,0x00000000a684bf90,0x00000000b4a00000)
 Metaspace       used 110499K, capacity 115914K, committed 116056K, reserved 1150976K
  class space    used 14044K, capacity 15121K, committed 15192K, reserved 1048576K
}
Event: 6773.160 GC heap before
{Heap before GC invocations=32 (full 5):
 PSYoungGen      total 444416K, used 409465K [0x00000000e0000000, 0x00000000ff680000, 0x0000000100000000)
  eden space 384512K, 100% used [0x00000000e0000000,0x00000000f7780000,0x00000000f7780000)
  from space 59904K, 41% used [0x00000000fbc00000,0x00000000fd45e568,0x00000000ff680000)
  to   space 65024K, 0% used [0x00000000f7780000,0x00000000f7780000,0x00000000fb700000)
 ParOldGen       total 337920K, used 106799K [0x00000000a0000000, 0x00000000b4a00000, 0x00000000e0000000)
  object space 337920K, 31% used [0x00000000a0000000,0x00000000a684bf90,0x00000000b4a00000)
 Metaspace       used 110940K, capacity 116412K, committed 116568K, reserved 1150976K
  class space    used 14076K, capacity 15178K, committed 15192K, reserved 1048576K
Event: 6774.307 GC heap after
Heap after GC invocations=32 (full 5):
 PSYoungGen      total 449536K, used 6608K [0x00000000e0000000, 0x0000000100000000, 0x0000000100000000)
  eden space 384512K, 0% used [0x00000000e0000000,0x00000000e0000000,0x00000000f7780000)
  from space 65024K, 10% used [0x00000000f7780000,0x00000000f7df4050,0x00000000fb700000)
  to   space 65024K, 0% used [0x00000000fc080000,0x00000000fc080000,0x0000000100000000)
 ParOldGen       total 337920K, used 126358K [0x00000000a0000000, 0x00000000b4a00000, 0x00000000e0000000)
  object space 337920K, 37% used [0x00000000a0000000,0x00000000a7b658f8,0x00000000b4a00000)
 Metaspace       used 110940K, capacity 116412K, committed 116568K, reserved 1150976K
  class space    used 14076K, capacity 15178K, committed 15192K, reserved 1048576K
}
Event: 6776.126 GC heap before
{Heap before GC invocations=33 (full 5):
 PSYoungGen      total 449536K, used 391120K [0x00000000e0000000, 0x0000000100000000, 0x0000000100000000)
  eden space 384512K, 100% used [0x00000000e0000000,0x00000000f7780000,0x00000000f7780000)
  from space 65024K, 10% used [0x00000000f7780000,0x00000000f7df4050,0x00000000fb700000)
  to   space 65024K, 0% used [0x00000000fc080000,0x00000000fc080000,0x0000000100000000)
 ParOldGen       total 337920K, used 126358K [0x00000000a0000000, 0x00000000b4a00000, 0x00000000e0000000)
  object space 337920K, 37% used [0x00000000a0000000,0x00000000a7b658f8,0x00000000b4a00000)
 Metaspace       used 111046K, capacity 116628K, committed 116824K, reserved 1150976K
  class space    used 14085K, capacity 15184K, committed 15192K, reserved 1048576K
Event: 6776.368 GC heap after
Heap after GC invocations=33 (full 5):
 PSYoungGen      total 456192K, used 9300K [0x00000000e0000000, 0x00000000ffd00000, 0x0000000100000000)
  eden space 394240K, 0% used [0x00000000e0000000,0x00000000e0000000,0x00000000f8100000)
  from space 61952K, 15% used [0x00000000fc080000,0x00000000fc9953a0,0x00000000ffd00000)
  to   space 63488K, 0% used [0x00000000f8100000,0x00000000f8100000,0x00000000fbf00000)
 ParOldGen       total 337920K, used 131066K [0x00000000a0000000, 0x00000000b4a00000, 0x00000000e0000000)
  object space 337920K, 38% used [0x00000000a0000000,0x00000000a7ffe898,0x00000000b4a00000)
 Metaspace       used 111046K, capacity 116628K, committed 116824K, reserved 1150976K
  class space    used 14085K, capacity 15184K, committed 15192K, reserved 1048576K
}
Event: 6792.525 GC heap before
{Heap before GC invocations=34 (full 5):
 PSYoungGen      total 456192K, used 403540K [0x00000000e0000000, 0x00000000ffd00000, 0x0000000100000000)
  eden space 394240K, 100% used [0x00000000e0000000,0x00000000f8100000,0x00000000f8100000)
  from space 61952K, 15% used [0x00000000fc080000,0x00000000fc9953a0,0x00000000ffd00000)
  to   space 63488K, 0% used [0x00000000f8100000,0x00000000f8100000,0x00000000fbf00000)
 ParOldGen       total 337920K, used 131066K [0x00000000a0000000, 0x00000000b4a00000, 0x00000000e0000000)
  object space 337920K, 38% used [0x00000000a0000000,0x00000000a7ffe898,0x00000000b4a00000)
 Metaspace       used 111372K, capacity 116918K, committed 117208K, reserved 1150976K
  class space    used 14128K, capacity 15231K, committed 15320K, reserved 1048576K
Event: 6792.644 GC heap after
Heap after GC invocations=34 (full 5):
 PSYoungGen      total 457728K, used 27203K [0x00000000e0000000, 0x00000000ffc80000, 0x0000000100000000)
  eden space 394240K, 0% used [0x00000000e0000000,0x00000000e0000000,0x00000000f8100000)
  from space 63488K, 42% used [0x00000000f8100000,0x00000000f9b90e28,0x00000000fbf00000)
  to   space 60928K, 0% used [0x00000000fc100000,0x00000000fc100000,0x00000000ffc80000)
 ParOldGen       total 337920K, used 132790K [0x00000000a0000000, 0x00000000b4a00000, 0x00000000e0000000)
  object space 337920K, 39% used [0x00000000a0000000,0x00000000a81ad8c8,0x00000000b4a00000)
 Metaspace       used 111372K, capacity 116918K, committed 117208K, reserved 1150976K
  class space    used 14128K, capacity 15231K, committed 15320K, reserved 1048576K
}
Event: 6795.677 GC heap before
{Heap before GC invocations=35 (full 5):
 PSYoungGen      total 457728K, used 421443K [0x00000000e0000000, 0x00000000ffc80000, 0x0000000100000000)
  eden space 394240K, 100% used [0x00000000e0000000,0x00000000f8100000,0x00000000f8100000)
  from space 63488K, 42% used [0x00000000f8100000,0x00000000f9b90e28,0x00000000fbf00000)
  to   space 60928K, 0% used [0x00000000fc100000,0x00000000fc100000,0x00000000ffc80000)
 ParOldGen       total 337920K, used 132790K [0x00000000a0000000, 0x00000000b4a00000, 0x00000000e0000000)
  object space 337920K, 39% used [0x00000000a0000000,0x00000000a81ad8c8,0x00000000b4a00000)
 Metaspace       used 111403K, capacity 116928K, committed 117208K, reserved 1150976K
  class space    used 14130K, capacity 15232K, committed 15320K, reserved 1048576K
Event: 6799.280 GC heap after
Heap after GC invocations=35 (full 5):
 PSYoungGen      total 384512K, used 60921K [0x00000000e0000000, 0x0000000100000000, 0x0000000100000000)
  eden space 323584K, 0% used [0x00000000e0000000,0x00000000e0000000,0x00000000f3c00000)
  from space 60928K, 99% used [0x00000000fc100000,0x00000000ffc7e7f0,0x00000000ffc80000)
  to   space 100352K, 0% used [0x00000000f3c00000,0x00000000f3c00000,0x00000000f9e00000)
 ParOldGen       total 337920K, used 212885K [0x00000000a0000000, 0x00000000b4a00000, 0x00000000e0000000)
  object space 337920K, 62% used [0x00000000a0000000,0x00000000acfe5530,0x00000000b4a00000)
 Metaspace       used 111403K, capacity 116928K, committed 117208K, reserved 1150976K
  class space    used 14130K, capacity 15232K, committed 15320K, reserved 1048576K
}

